Aspect 0:
물때 구멍 벽지 변기 타일 샤워기 세면대 자국 곰팡이 털 샤워실 소파 커버 찢어지다 깔다 헤드 곳곳 물질 베개 흔적 얼룩 휴지 얇다 실리콘 검다 핏 새다 걸이 조명 덕지덕지 머리 수구 방안 의자 오염 소변 바닥 군데군데 벌레 묻다 찌들다 천장 지저분하다 놓이다 걸레 머리카락 시트 비데 호스 발 가득하다 시커멓다 가득 욕실 가닥 뜯다 앉다 유리 잔뜩 커튼 젖다 뭉치 방바닥 부스 찝찝하다 습하다 구석 패브릭 벽 탁자 쓰레기 넘치다 카펫 그대로 선반 싱크대 붉다 덮다 얼룩지다 누런 썩다 누렇다 모서리 너덜너덜 배수 빠지다 화장대다 이불 테이블 조각 창틀 컵 정체 쉰내 벽면 닿다 빨갛다 닦다 페인트 천정

Aspect 1:
하고도 아마도 곱다 필수 곤란하다 출입구 지고 셀 덤 이벤트 생 부 하나로 깨 세상 거주 희다 계절 그룹 층수 게임 온수풀 스카이 개수대 야간 한국인 무지 짓 홀 가림 튀김 이래저래 돌 시대 족 톤 파크 포인트 학생 어르신 인가요 신랑 동행 사랑 더불다 스 업다 역사 황당 컴퓨터 대체 빛 그건 난감하다 링 화려하다 판 경 별거 해산물 감옥 햄 곤 광고 불가능하다 풀기 설 나무라다 하나요 류 동남아 탑 요리 전쟁 일부 여유롭다 슬 안녕하다 케 특이하다 씨 마사지 라니 어서 가운데 망하다 에다 감성 위험하다 하늘 아마 대략 마음껏 냉동 명의 지나 자도 아무튼 분만 문구

Aspect 2:
데스크 리셉션 여직원 대해 말씀드리다 도와주다 카운터 프런트 표정 말투 불친절 지배인 빠르다 남자 담당 미숙 인사 사항 께서 인포 매니저 고객 대처 대응 처리 께 말씀 웃다 질문 감사 관계자 불친절하다 님 상주 안내 한테 근무 취 문의 소통 착용 응대 주심 전화 교육 감사하다 체크인도 전화하다 주인 메이드 과정 배려 설명 아르바이트생 귀찮다 표 기사 사과 퉁 실수 항의 바쁘다 무표정 상냥하다 부탁 남성 도움 대한 트 여자 접수 아주머니 나이 얘기 통화 이야기 연락 성의 분도 태도 죄송하다 물어보다 전달 레이 매뉴얼 먼저 체크아웃 대하 감동 조치 서도 심 호텔리어 마주치다 페셔널 하나같이 하우스키퍼 미안하다 대책 번호

Aspect 3:
계획 제주도 휴가 강릉 호캉스 출장 베네치아 항상 예정 부산 강원도 커플 머물다 담 알아보다 목적 자주 가족여행 가요 전주 가도 묵다고 서울 다녀오다 동반 무조건 기간 지금껏 첫 끼리 머무르다 떠나다 급하다 제주 아산병원 아들 더원 모처럼 의향 행복하다 기회 추억 매년 결혼 고민 여름 간다 검색 가면 국내 아동 후회 부모님 찾다 여수 양양 병원 겁니다 신화 건데 또는 가볍다 장소 친구 해드리다 일로 월드 달 개월 유아 휴식 세인트존스 즐겁다 카카오 단위 늘 여행 공연 보내다 박만 연인 지인 내년 전날 철 작년 간 지로 델피 가게 기념 장기 추석 가을 마리나 위해 베이 부부 한국 신라스테이

Aspect 4:
인테리어 깨끗 대체로 청결하다 우수하다 노후하다 외관 세련되다 양호 고급스럽다 치고는 디자인 연식 자체 쾌적하다 최신 내부 신식 체적 깔끔하다 만족 그다지 작 낙후 만족도 무난 성 완벽하다 이며 펴다 구조도 만족스럽다 군더더기 모던 널찍하다 짱 나름 안락하다 올드 너무나 최상 규모 앤티크 훌륭하다 집기 뛰어나다 시설 깨끗하다 편임 제외 한가지 부족함 심플 쏘쏘 어수선하다 스럽지 나머지 굿 부실하다 그럭저럭 낡다 클래식 청결 꽝 산뜻하다 고급 열악하다 완전하다 완전 반면 리뉴얼 신축 내부시 시골 정갈하다 편입 역시 콘셉트 상당하다 노후화 느껴지다 지은 불만족 설다 측면 라던가 불결하다 미흡 조건 경치 워낙 크기 리노베이션 언제나 분위기 편안함 숙박업소 갖추다 안타깝다 비품

Aspect 5:
사실 값 만이 만큼의 아이파크 평소 나은 평점 솔직하다 숙박시설 요즘 이라니 값어치 감안 책정 로서 싼값 실제 게스트하우스 신라 보단 일반 가치 예매 알차다 이라기보다는 이하 용도 그중 저렴 믿다 평 최저 비수 감수 고르다 켄싱턴 용서 기르다 평가 극 모델 퀄리티 빈약하다 소논문 평범하다 언제나 펜션 토요코인 해봤다 추석 고급 이오 기대다 이만 명성 조건 소문 후회되다 텔 초반 그럭저럭 특 이돈 고시원 못지않다 그만큼 등급 연말 이상은 대박 묶다 결정 가 쌈 단기 평일 이라기 정 해외 여인숙 쏘쏘 행사 라인 저가 택 로는 치고는 그랜드 이에요 동일 클래스 워낙 패키지 어쨌든 여태 단연 예전 일본 광고

Aspect 6:
공원 대포항 지하철역 동대문 이마트 올레 근접하다 명동 중앙시장 인접 번화가 터미널 해수욕장 시장 가까이 해운대 관광지 삼포 쇼핑 정류장 버스정류장 케이블카 광안 해변 종로 구경 청초 애월 낙산사 바닷가 항 산책로 백화점 엑스포 호선 여의도 역도 시내 한옥마을 주요 오동도 인근 마을 동문 유명 지하철 올림픽공원 함덕 코앞 음식점 산책 경포 코스 중심 덕수궁 해안 청계천 서귀포시 설악산 버스 광화문 걸어가다 먹거리 영등포 수산시장 스타벅스 마포역 유명하다 센터 접근 중문 남부 관광 낭만 시청 아바이 동문시장 객리 과도 횟집 아울렛 맛집 메인 포차 대중교통 협재 컨벤션 상가 몰다 남포동 아름답다 시티 쇼핑몰 전철역 용이하다 서귀포 애매하다 광장시장 부근 명소

Aspect 7:
켜다 덥다 히터 틀다 위층 밤새 바람 끄다 돌아가다 깨다 춥다 보일러 닫히다 계속 환풍기 온도 목소리 문도 들려오다 쿵쿵 방기 옆방 신음 아프다 불 열다 뛰어다니다 덜덜 도저히 닫다 떠들다 거슬리다 자동 에어컨 막히다 층간소음 목 코 난 지르다 꺼지다 일어나다 들어오다 두드리다 자꾸 무섭다 빵빵 흐르다 복도 밤새다 물소 조절 음악 모기 발 켜 뜨겁다 한숨 뻑뻑 건조하다 잠들다 입다 난리 팬 넘치다 어록 말소리 방안 내려가다 누가 윗방 잠도 리모컨 환기 전기 문 새벽 제어 냉 지나가다 씻다 내내 틈 막다 가동 잠기 매트 물이 시원하다 울 깜짝 열기 대화 열 온수 틀 허리 밖 창문 튀어

Aspect 8:
호스 닿다 덕지덕지 시커멓다 뜯다 천정 빨갛다 모서리 실리콘 수구 녹슬다 뚜껑 놓이다 소변 서랍 망가지다 얇다 방바닥 오물 매트 조각 수전 사이사이 스탠드 양념 하얗다 전기포트 구가 붉다 물질 정체 넘치다 화장대다 찍히다 누런 회색 손잡이 벗겨지다 협탁 고무 자꾸 말르다 전구 탁자 문도 전등 흔적 뭉치 노랗다 틈 덩어리 검다 녹 비데 물곰팡이 고여 군데군데 수도꼭지 휴지 나무 여니 가루 화 휴지통 한쪽 싱크대 페인트 벽면 잔뜩 플라스틱 밀다 오염 뭉텅 망은 필터 미끄럽다 아래쪽 곳곳 선반 걸이 흐르다 시체 흘러나오다 너덜너덜 헤드 방안 찌들다 맨발 통 쉰내 찌꺼기 포트 습기 날아다니다 가득 털 썩다 솜 구석 발

Aspect 9:
오류 입력 영수증 번만 자르다 어떠하다 방송 끊다 입 말로 오늘 규정 보상 서로 반응 뽑다 정확하다 옴 대놓고 소용없다 양해 신분증 팀 둥 작업 달래다 반납 분실물 선 퇴근 돌려주다 시간대 통보 뭘 체 무시 읽다 찜질방 본인 란 메일 명도 문자 지난 하자 시라 보라 어이없다 풀다 던지다 내면 피해 날짜 바르다 소독 봉 놈 관리자 궁금하다 이라도 당하다 보관 차례 부르다 분실 대서 책임 뚫다 그다음 언급 넘기다 계산 게스트 연장 눈치 종이 내일 니깐 피드백 뭐라다 면박 욕 한밤중 인식 입장 바뀌다 황당하다 착각 정작 해당 약속 주의 꺼내다 거고 거짓말 거절 혼나다 돌리다 그날 멈추다

Aspect 10:
차량 세우다 주차장이 공영 차서 외부 노상 지상 늘다 길가 가능 기계 어렵다 미터 자리 대수 대기 공용 공터 대야 번거롭다 꽉 지하 소하 공 타워 차라 걸어오다 야외 수용 가야 길 한참 에다가 계단 관리인 밤늦다 길다 차 아웃 입구 발레파킹 노래방 건너 돌다 진입 이용자 이동해 간격 나가야 만석 통로 협 선착순 까지만 렌터카 주차공간 일요일 운행 일찍 오전 내려오다 시경 엘리베이터 저녁식사 안내받다 출입 유료 가능하다 요원 늦다 커피숍 기다림 소요 탈 조기 아저씨 뽑다 도착 어려움 주차장 올라가다 매장 헤매다 반입 시간대 구역 무인 사고 주차 중이 건너편 금요일 레이 추다 대고 겁나다 클럽 길이 나누다

Aspect 11:
원래 카드 요구 답변 키도 잘못 체크 금 미리 환불 사전 갖다 책임 준 채우다 공지 가져가다 직접 내용 줌 정보 죄송하다 대답 이라도 거절 아무렇다 인원 키 실수 명도 가져다주다 사과 이미 얘기 보증금 보상 어떻다 똑같다 교환 라며 발생 판매 입력 항의 물어보다 조치 방송 메일 하니 바라다 당연하다 라도 뭘 양해 현장 상황 귀찮다 지급 무시 돌리다 번호 취소 규정 내야 해달라다 본인 듣다 생수 결제 미안하다 연장 비우다 과정 확인 문자 오류 연락 입장 설명 스트레스 함 바뀌다 질문 프런트로 고지 말씀 물다 관리자 당 계산 먼저 이야기 분실 정확하다 방법 읽다 어이없다 재 해도 결재

